<?xml version="1.0" encoding="UTF-8"?>
<!-- Generated by org.testng.reporters.JUnitReportReporter -->
<testsuite hostname="Ralph" failures="0" tests="1" name="tests.FirstTest" time="0.010" errors="0" timestamp="2025-08-15T17:37:28 EAT" skipped="0">
  <testcase classname="tests.FirstTest" name="rahulShetty" time="0.010"/>
</testsuite> <!-- tests.FirstTest -->
